<?xml version="1.0" encoding="UTF-8"?>
<testng-results ignored="0" total="3" passed="2" failed="1" skipped="0">
  <reporter-output>
  </reporter-output>
  <suite started-at="2023-03-22T10:50:29 IST" name="Suite" finished-at="2023-03-22T10:52:22 IST" duration-ms="112973">
    <groups>
    </groups>
    <test started-at="2023-03-22T10:50:29 IST" name="Test" finished-at="2023-03-22T10:52:22 IST" duration-ms="112973">
      <class name="test_ng.Amazon_Listener">
        <test-method signature="navToURL()[pri:1, instance:test_ng.Amazon_Listener@1de76cc7]" started-at="2023-03-22T10:50:29 IST" name="navToURL" finished-at="2023-03-22T10:51:17 IST" duration-ms="47570" status="PASS">
          <reporter-output>
          </reporter-output>
        </test-method> <!-- navToURL -->
        <test-method signature="searchTest()[pri:2, instance:test_ng.Amazon_Listener@1de76cc7]" started-at="2023-03-22T10:51:17 IST" name="searchTest" finished-at="2023-03-22T10:51:52 IST" duration-ms="35420" status="FAIL">
          <exception class="java.lang.AssertionError">
            <message>
              <![CDATA[expected [Groww] but found [Amazon.in : mobile]]]>
            </message>
            <full-stacktrace>
              <![CDATA[java.lang.AssertionError: expected [Groww] but found [Amazon.in : mobile]
at org.testng.Assert.fail(Assert.java:99)
at org.testng.Assert.failNotEquals(Assert.java:1037)
at org.testng.Assert.assertEqualsImpl(Assert.java:140)
at org.testng.Assert.assertEquals(Assert.java:122)
at org.testng.Assert.assertEquals(Assert.java:629)
at org.testng.Assert.assertEquals(Assert.java:639)
at test_ng.Amazon_Listener.searchTest(Amazon_Listener.java:53)
at java.base/jdk.internal.reflect.DirectMethodHandleAccessor.invoke(DirectMethodHandleAccessor.java:104)
at java.base/java.lang.reflect.Method.invoke(Method.java:578)
at org.testng.internal.MethodInvocationHelper.invokeMethod(MethodInvocationHelper.java:133)
at org.testng.internal.TestInvoker.invokeMethod(TestInvoker.java:598)
at org.testng.internal.TestInvoker.invokeTestMethod(TestInvoker.java:173)
at org.testng.internal.MethodRunner.runInSequence(MethodRunner.java:46)
at org.testng.internal.TestInvoker$MethodInvocationAgent.invoke(TestInvoker.java:824)
at org.testng.internal.TestInvoker.invokeTestMethods(TestInvoker.java:146)
at org.testng.internal.TestMethodWorker.invokeTestMethods(TestMethodWorker.java:146)
at org.testng.internal.TestMethodWorker.run(TestMethodWorker.java:128)
at java.base/java.util.ArrayList.forEach(ArrayList.java:1511)
at org.testng.TestRunner.privateRun(TestRunner.java:794)
at org.testng.TestRunner.run(TestRunner.java:596)
at org.testng.SuiteRunner.runTest(SuiteRunner.java:377)
at org.testng.SuiteRunner.runSequentially(SuiteRunner.java:371)
at org.testng.SuiteRunner.privateRun(SuiteRunner.java:332)
at org.testng.SuiteRunner.run(SuiteRunner.java:276)
at org.testng.SuiteRunnerWorker.runSuite(SuiteRunnerWorker.java:53)
at org.testng.SuiteRunnerWorker.run(SuiteRunnerWorker.java:96)
at org.testng.TestNG.runSuitesSequentially(TestNG.java:1212)
at org.testng.TestNG.runSuitesLocally(TestNG.java:1134)
at org.testng.TestNG.runSuites(TestNG.java:1063)
at org.testng.TestNG.run(TestNG.java:1031)
at org.testng.remote.AbstractRemoteTestNG.run(AbstractRemoteTestNG.java:115)
at org.testng.remote.RemoteTestNG.initAndRun(RemoteTestNG.java:251)
at org.testng.remote.RemoteTestNG.main(RemoteTestNG.java:77)
]]>
            </full-stacktrace>
          </exception> <!-- java.lang.AssertionError -->
          <reporter-output>
          </reporter-output>
        </test-method> <!-- searchTest -->
        <test-method signature="clickOnProductAndAdd()[pri:3, instance:test_ng.Amazon_Listener@1de76cc7]" started-at="2023-03-22T10:51:55 IST" name="clickOnProductAndAdd" finished-at="2023-03-22T10:52:22 IST" duration-ms="27478" status="PASS">
          <reporter-output>
          </reporter-output>
        </test-method> <!-- clickOnProductAndAdd -->
      </class> <!-- test_ng.Amazon_Listener -->
    </test> <!-- Test -->
  </suite> <!-- Suite -->
</testng-results>
